0 info it worked if it ends with ok
1 verbose cli [ '/usr/local/bin/node', '/usr/local/bin/npm', 'run', 'copy-src' ]
2 info using npm@4.0.5
3 info using node@v7.4.0
4 verbose run-script [ 'precopy-src', 'copy-src', 'postcopy-src' ]
5 info lifecycle skypetdesktop@0.0.1~precopy-src: skypetdesktop@0.0.1
6 silly lifecycle skypetdesktop@0.0.1~precopy-src: no script for precopy-src, continuing
7 info lifecycle skypetdesktop@0.0.1~copy-src: skypetdesktop@0.0.1
8 verbose lifecycle skypetdesktop@0.0.1~copy-src: unsafe-perm in lifecycle true
9 verbose lifecycle skypetdesktop@0.0.1~copy-src: PATH: /usr/local/lib/node_modules/npm/bin/node-gyp-bin:/home/daniel/Documents/electronApps/SkyPetAgain/node_modules/.bin:/usr/local/sbin:/usr/local/bin:/usr/sbin:/usr/bin:/sbin:/bin:/usr/games:/usr/local/games:/snap/bin:/snap/bin:/home/daniel/Android/Sdk/tools:/home/daniel/Android/Sdk/tools
10 verbose lifecycle skypetdesktop@0.0.1~copy-src: CWD: /home/daniel/Documents/electronApps/SkyPetAgain
11 silly lifecycle skypetdesktop@0.0.1~copy-src: Args: [ '-c', 'cp -r ../../htmlApps/SkyPetGUI/src /src' ]
12 silly lifecycle skypetdesktop@0.0.1~copy-src: Returned: code: 1  signal: null
13 info lifecycle skypetdesktop@0.0.1~copy-src: Failed to exec copy-src script
14 verbose stack Error: skypetdesktop@0.0.1 copy-src: `cp -r ../../htmlApps/SkyPetGUI/src /src`
14 verbose stack Exit status 1
14 verbose stack     at EventEmitter.<anonymous> (/usr/local/lib/node_modules/npm/lib/utils/lifecycle.js:279:16)
14 verbose stack     at emitTwo (events.js:106:13)
14 verbose stack     at EventEmitter.emit (events.js:191:7)
14 verbose stack     at ChildProcess.<anonymous> (/usr/local/lib/node_modules/npm/lib/utils/spawn.js:40:14)
14 verbose stack     at emitTwo (events.js:106:13)
14 verbose stack     at ChildProcess.emit (events.js:191:7)
14 verbose stack     at maybeClose (internal/child_process.js:885:16)
14 verbose stack     at Process.ChildProcess._handle.onexit (internal/child_process.js:226:5)
15 verbose pkgid skypetdesktop@0.0.1
16 verbose cwd /home/daniel/Documents/electronApps/SkyPetAgain
17 error Linux 4.4.0-59-generic
18 error argv "/usr/local/bin/node" "/usr/local/bin/npm" "run" "copy-src"
19 error node v7.4.0
20 error npm  v4.0.5
21 error code ELIFECYCLE
22 error skypetdesktop@0.0.1 copy-src: `cp -r ../../htmlApps/SkyPetGUI/src /src`
22 error Exit status 1
23 error Failed at the skypetdesktop@0.0.1 copy-src script 'cp -r ../../htmlApps/SkyPetGUI/src /src'.
23 error Make sure you have the latest version of node.js and npm installed.
23 error If you do, this is most likely a problem with the skypetdesktop package,
23 error not with npm itself.
23 error Tell the author that this fails on your system:
23 error     cp -r ../../htmlApps/SkyPetGUI/src /src
23 error You can get information on how to open an issue for this project with:
23 error     npm bugs skypetdesktop
23 error Or if that isn't available, you can get their info via:
23 error     npm owner ls skypetdesktop
23 error There is likely additional logging output above.
24 verbose exit [ 1, true ]
